modules/file-explorer/android/build/intermediates/manifest_merge_blame_file/release/processReleaseManifest/manifest-merger-blame-release-report.txt
1<?xml version="1.0" encoding="utf-8"?>
2<manifest xmlns:android="http://schemas.android.com/apk/res/android"
3    package="com.fritomusic.fileexplorer" >
4
5    <uses-sdk android:minSdkVersion="24" />
6
7    <uses-permission android:name="android.permission.READ_EXTERNAL_STORAGE" />
7-->src/main/AndroidManifest.xml:2:5-80
7-->src/main/AndroidManifest.xml:2:22-77
8    <uses-permission android:name="android.permission.READ_MEDIA_AUDIO" />
8-->src/main/AndroidManifest.xml:3:5-75
8-->src/main/AndroidManifest.xml:3:22-72
9
10</manifest>